  Assembling main.asm...
asmlib.inc(1): error A2008: syntax error : .
asmlib.inc(2): error A2008: syntax error : .
asmlib.inc(3): error A2008: syntax error : .
asmlib.inc(27): error A2008: syntax error : ,
main.asm(18): error A2008: syntax error : pushad
main.asm(19): error A2008: syntax error : pushfd
main.asm(21): error A2070: invalid instruction operands
main.asm(25): error A2008: syntax error : showRegister
main.asm(26): error A2008: syntax error : showRegister
main.asm(27): error A2008: syntax error : showRegister
main.asm(28): error A2008: syntax error : showRegister
main.asm(29): error A2008: syntax error : showRegister
main.asm(30): error A2008: syntax error : showRegister
main.asm(31): error A2008: syntax error : showRegister
main.asm(33): error A2008: syntax error : showRegister
main.asm(38): error A2070: invalid instruction operands
main.asm(39): error A2008: syntax error : showRegister
main.asm(43): error A2008: syntax error : showRegister
main.asm(46): error A2008: syntax error : ShowFlag
main.asm(47): error A2008: syntax error : ShowFlag
main.asm(48): error A2008: syntax error : ShowFlag
main.asm(49): error A2008: syntax error : ShowFlag
main.asm(50): error A2008: syntax error : ShowFlag
main.asm(51): error A2008: syntax error : ShowFlag
main.asm(53): error A2008: syntax error : popad
main.asm(58): error A2008: syntax error : pushad
main.asm(65): error A2008: syntax error : popad
main.asm(70): error A2008: syntax error : INVOKE
main.asm(71): error A2088: END directive required at end of file
main.asm(59): error A2022: instruction operands must be the same size
main.asm(61): error A2006: undefined symbol : Tab
main.asm(64): error A2006: undefined symbol : Crlf
C:\Program Files\Microsoft Visual Studio\2022\Community\MSBuild\Microsoft\VC\v170\BuildCustomizations\masm.targets(70,5): error MSB3721: The command "ml64.exe /c /nologo /Zi /Fo"x64\Debug\main.obj" /W3 /errorReport:prompt  /Tamain.asm" exited with code 1.
